<?xml version="1.0" encoding="UTF-8"?>
<!-- Generated by org.testng.reporters.JUnitReportReporter -->
<testsuite hostname="CHCPME5305Q12" name="herokuapp.BasicTest" tests="1" failures="0" timestamp="12 Apr 2017 20:33:52 GMT" time="43.402" errors="0">
  <testcase name="testFullRegression" time="43.402" classname="herokuapp.BasicTest"/>
</testsuite> <!-- herokuapp.BasicTest -->
