<?xml version="1.0" encoding="UTF-8"?>
<!-- Generated by org.testng.reporters.JUnitReportReporter -->
<testsuite hostname="Esteban-PC" name="com.expedia.TripSearcherSuiteCase" tests="3" failures="0" timestamp="28 Mar 2017 23:47:23 GMT" time="0.002" errors="3">
  <testcase name="testSortHighestPriceSearch" time="0.001" classname="com.expedia.TripSearcherSuiteCase">
    <error type="org.openqa.selenium.WebDriverException" message="Failed to connect to binary FirefoxBinary(C:\Program Files\Mozilla Firefox\firefox.exe) on port 7055; process output follows: 
file\extensions\webdriver-staging
1490744798588	addons.xpi	INFO	SystemAddonInstallLocation directory is missing
1490744798589	addons.xpi	INFO	Mapping {972ce4c6-7e08-4474-a285-3208198ce6fd} to C:\Program Files\Mozilla Firefox\browser\extensions\{972ce4c6-7e08-4474-a285-3208198ce6fd}
1490744798589	addons.xpi	DEBUG	Skipping unavailable install location app-system-share
1490744798589	addons.xpi	DEBUG	Skipping unavailable install location app-system-local
1490744798590	addons.xpi	DEBUG	checkForChanges
1490744798590	addons.xpi	DEBUG	Loaded add-on state from prefs: {&quot;app-profile&quot;:{&quot;fxdriver@googlecode.com&quot;:{&quot;d&quot;:&quot;C:\\Users\\Esteban\\AppData\\Local\\Temp\\anonymous5828815560524728258webdriver-profile\\extensions\\fxdriver@googlecode.com&quot;,&quot;e&quot;:false,&quot;v&quot;:&quot;2.39.0&quot;,&quot;st&quot;:1490744791364,&quot;mt&quot;:1490744791008}},&quot;app-global&quot;:{&quot;{972ce4c6-7e08-4474-a285-3208198ce6fd}&quot;:{&quot;d&quot;:&quot;C:\\Program Files\\Mozilla Firefox\\browser\\extensions\\{972ce4c6-7e08-4474-a285-3208198ce6fd}&quot;,&quot;e&quot;:true,&quot;v&quot;:&quot;43.0.1&quot;,&quot;st&quot;:1474038978475,&quot;mt&quot;:1450322130000}}}
1490744798591	addons.xpi	DEBUG	Existing add-on fxdriver@googlecode.com in app-profile
1490744798591	addons.xpi	DEBUG	getModTime: Recursive scan of {972ce4c6-7e08-4474-a285-3208198ce6fd}
1490744798592	addons.xpi	DEBUG	Existing add-on {972ce4c6-7e08-4474-a285-3208198ce6fd} in app-global
1490744798592	addons.xpi	DEBUG	getInstallState changed: false, state: {&quot;app-profile&quot;:{&quot;fxdriver@googlecode.com&quot;:{&quot;d&quot;:&quot;C:\\Users\\Esteban\\AppData\\Local\\Temp\\anonymous5828815560524728258webdriver-profile\\extensions\\fxdriver@googlecode.com&quot;,&quot;e&quot;:false,&quot;v&quot;:&quot;2.39.0&quot;,&quot;st&quot;:1490744791364,&quot;mt&quot;:1490744791008}},&quot;app-global&quot;:{&quot;{972ce4c6-7e08-4474-a285-3208198ce6fd}&quot;:{&quot;d&quot;:&quot;C:\\Program Files\\Mozilla Firefox\\browser\\extensions\\{972ce4c6-7e08-4474-a285-3208198ce6fd}&quot;,&quot;e&quot;:true,&quot;v&quot;:&quot;43.0.1&quot;,&quot;st&quot;:1474038978475,&quot;mt&quot;:1450322130000}}}
1490744798593	addons.xpi	DEBUG	No changes found
1490744798599	addons.manager	DEBUG	Registering shutdown blocker for XPIProvider
1490744798600	addons.manager	DEBUG	Provider finished startup: XPIProvider
1490744798600	addons.manager	DEBUG	Starting provider: LightweightThemeManager
1490744798600	addons.manager	DEBUG	Registering shutdown blocker for LightweightThemeManager
1490744798600	addons.manager	DEBUG	Provider finished startup: LightweightThemeManager
1490744798601	addons.manager	DEBUG	Starting provider: GMPProvider
1490744798605	addons.manager	DEBUG	Registering shutdown blocker for GMPProvider
1490744798605	addons.manager	DEBUG	Provider finished startup: GMPProvider
1490744798605	addons.manager	DEBUG	Starting provider: PluginProvider
1490744798605	addons.manager	DEBUG	Registering shutdown blocker for PluginProvider
1490744798605	addons.manager	DEBUG	Provider finished startup: PluginProvider
1490744798605	addons.manager	DEBUG	Completed startup sequence
1490744798681	addons.xpi-utils	DEBUG	Starting async load of XPI database C:\Users\Esteban\AppData\Local\Temp\anonymous5828815560524728258webdriver-profile\extensions.json
*** Blocklist::_loadBlocklistFromFile: blocklist is disabled
1490744798780	addons.manager	DEBUG	Starting provider: &lt;unnamed-provider&gt;
1490744798780	addons.manager	DEBUG	Registering shutdown blocker for &lt;unnamed-provider&gt;
1490744798780	addons.manager	DEBUG	Provider finished startup: &lt;unnamed-provider&gt;
1490744798856	addons.xpi-utils	DEBUG	Async JSON file read took 0 MS
1490744798856	addons.xpi-utils	DEBUG	Finished async read of XPI database, parsing...
1490744798857	addons.xpi-utils	DEBUG	Successfully read XPI database
1490744798905	addons.manager	DEBUG	Starting provider: PreviousExperimentProvider
1490744798905	addons.manager	DEBUG	Registering shutdown blocker for PreviousExperimentProvider
1490744798905	addons.manager	DEBUG	Provider finished startup: PreviousExperimentProvider
JavaScript warning: https://normandy-cloudfront.cdn.mozilla.net/static/bundles/selfrepair.e769dcc4d6f0dedd8f82.js, line 7: mutating the [[Prototype]] of an object will cause your code to run very slowly; instead create the object with the correct initial [[Prototype]] value using Object.create

Build info: version: &#039;2.39.0&#039;, revision: &#039;14fa800511cc5d66d426e08b0b2ab926c7ed7398&#039;, time: &#039;2013-12-16 13:18:38&#039;
System info: host: &#039;Esteban-PC&#039;, ip: &#039;192.168.1.2&#039;, os.name: &#039;Windows 7&#039;, os.arch: &#039;amd64&#039;, os.version: &#039;6.1&#039;, java.version: &#039;1.8.0_91&#039;
Driver info: driver.version: FirefoxDriver">
      <![CDATA[org.openqa.selenium.WebDriverException: Failed to connect to binary FirefoxBinary(C:\Program Files\Mozilla Firefox\firefox.exe) on port 7055; process output follows: 
file\extensions\webdriver-staging
1490744798588	addons.xpi	INFO	SystemAddonInstallLocation directory is missing
1490744798589	addons.xpi	INFO	Mapping {972ce4c6-7e08-4474-a285-3208198ce6fd} to C:\Program Files\Mozilla Firefox\browser\extensions\{972ce4c6-7e08-4474-a285-3208198ce6fd}
1490744798589	addons.xpi	DEBUG	Skipping unavailable install location app-system-share
1490744798589	addons.xpi	DEBUG	Skipping unavailable install location app-system-local
1490744798590	addons.xpi	DEBUG	checkForChanges
1490744798590	addons.xpi	DEBUG	Loaded add-on state from prefs: {"app-profile":{"fxdriver@googlecode.com":{"d":"C:\\Users\\Esteban\\AppData\\Local\\Temp\\anonymous5828815560524728258webdriver-profile\\extensions\\fxdriver@googlecode.com","e":false,"v":"2.39.0","st":1490744791364,"mt":1490744791008}},"app-global":{"{972ce4c6-7e08-4474-a285-3208198ce6fd}":{"d":"C:\\Program Files\\Mozilla Firefox\\browser\\extensions\\{972ce4c6-7e08-4474-a285-3208198ce6fd}","e":true,"v":"43.0.1","st":1474038978475,"mt":1450322130000}}}
1490744798591	addons.xpi	DEBUG	Existing add-on fxdriver@googlecode.com in app-profile
1490744798591	addons.xpi	DEBUG	getModTime: Recursive scan of {972ce4c6-7e08-4474-a285-3208198ce6fd}
1490744798592	addons.xpi	DEBUG	Existing add-on {972ce4c6-7e08-4474-a285-3208198ce6fd} in app-global
1490744798592	addons.xpi	DEBUG	getInstallState changed: false, state: {"app-profile":{"fxdriver@googlecode.com":{"d":"C:\\Users\\Esteban\\AppData\\Local\\Temp\\anonymous5828815560524728258webdriver-profile\\extensions\\fxdriver@googlecode.com","e":false,"v":"2.39.0","st":1490744791364,"mt":1490744791008}},"app-global":{"{972ce4c6-7e08-4474-a285-3208198ce6fd}":{"d":"C:\\Program Files\\Mozilla Firefox\\browser\\extensions\\{972ce4c6-7e08-4474-a285-3208198ce6fd}","e":true,"v":"43.0.1","st":1474038978475,"mt":1450322130000}}}
1490744798593	addons.xpi	DEBUG	No changes found
1490744798599	addons.manager	DEBUG	Registering shutdown blocker for XPIProvider
1490744798600	addons.manager	DEBUG	Provider finished startup: XPIProvider
1490744798600	addons.manager	DEBUG	Starting provider: LightweightThemeManager
1490744798600	addons.manager	DEBUG	Registering shutdown blocker for LightweightThemeManager
1490744798600	addons.manager	DEBUG	Provider finished startup: LightweightThemeManager
1490744798601	addons.manager	DEBUG	Starting provider: GMPProvider
1490744798605	addons.manager	DEBUG	Registering shutdown blocker for GMPProvider
1490744798605	addons.manager	DEBUG	Provider finished startup: GMPProvider
1490744798605	addons.manager	DEBUG	Starting provider: PluginProvider
1490744798605	addons.manager	DEBUG	Registering shutdown blocker for PluginProvider
1490744798605	addons.manager	DEBUG	Provider finished startup: PluginProvider
1490744798605	addons.manager	DEBUG	Completed startup sequence
1490744798681	addons.xpi-utils	DEBUG	Starting async load of XPI database C:\Users\Esteban\AppData\Local\Temp\anonymous5828815560524728258webdriver-profile\extensions.json
*** Blocklist::_loadBlocklistFromFile: blocklist is disabled
1490744798780	addons.manager	DEBUG	Starting provider: <unnamed-provider>
1490744798780	addons.manager	DEBUG	Registering shutdown blocker for <unnamed-provider>
1490744798780	addons.manager	DEBUG	Provider finished startup: <unnamed-provider>
1490744798856	addons.xpi-utils	DEBUG	Async JSON file read took 0 MS
1490744798856	addons.xpi-utils	DEBUG	Finished async read of XPI database, parsing...
1490744798857	addons.xpi-utils	DEBUG	Successfully read XPI database
1490744798905	addons.manager	DEBUG	Starting provider: PreviousExperimentProvider
1490744798905	addons.manager	DEBUG	Registering shutdown blocker for PreviousExperimentProvider
1490744798905	addons.manager	DEBUG	Provider finished startup: PreviousExperimentProvider
JavaScript warning: https://normandy-cloudfront.cdn.mozilla.net/static/bundles/selfrepair.e769dcc4d6f0dedd8f82.js, line 7: mutating the [[Prototype]] of an object will cause your code to run very slowly; instead create the object with the correct initial [[Prototype]] value using Object.create

Build info: version: '2.39.0', revision: '14fa800511cc5d66d426e08b0b2ab926c7ed7398', time: '2013-12-16 13:18:38'
System info: host: 'Esteban-PC', ip: '192.168.1.2', os.name: 'Windows 7', os.arch: 'amd64', os.version: '6.1', java.version: '1.8.0_91'
Driver info: driver.version: FirefoxDriver
	at org.openqa.selenium.firefox.internal.NewProfileExtensionConnection.start(NewProfileExtensionConnection.java:130)
	at org.openqa.selenium.firefox.FirefoxDriver.startClient(FirefoxDriver.java:250)
	at org.openqa.selenium.remote.RemoteWebDriver.<init>(RemoteWebDriver.java:110)
	at org.openqa.selenium.firefox.FirefoxDriver.<init>(FirefoxDriver.java:195)
	at org.openqa.selenium.firefox.FirefoxDriver.<init>(FirefoxDriver.java:190)
	at org.openqa.selenium.firefox.FirefoxDriver.<init>(FirefoxDriver.java:186)
	at org.openqa.selenium.firefox.FirefoxDriver.<init>(FirefoxDriver.java:99)
	at config.Config.SetUp(Config.java:25)
	at com.expedia.BasicTest.setUp(BasicTest.java:34)
	at sun.reflect.NativeMethodAccessorImpl.invoke0(Native Method)
	at sun.reflect.NativeMethodAccessorImpl.invoke(NativeMethodAccessorImpl.java:62)
	at sun.reflect.DelegatingMethodAccessorImpl.invoke(DelegatingMethodAccessorImpl.java:43)
	at java.lang.reflect.Method.invoke(Method.java:498)
	at org.testng.internal.MethodInvocationHelper.invokeMethod(MethodInvocationHelper.java:86)
	at org.testng.internal.Invoker.invokeConfigurationMethod(Invoker.java:514)
	at org.testng.internal.Invoker.invokeConfigurations(Invoker.java:215)
	at org.testng.internal.Invoker.invokeConfigurations(Invoker.java:142)
	at org.testng.TestRunner.beforeRun(TestRunner.java:656)
	at org.testng.TestRunner.run(TestRunner.java:624)
	at org.testng.SuiteRunner.runTest(SuiteRunner.java:366)
	at org.testng.SuiteRunner.runSequentially(SuiteRunner.java:361)
	at org.testng.SuiteRunner.privateRun(SuiteRunner.java:319)
	at org.testng.SuiteRunner.run(SuiteRunner.java:268)
	at org.testng.SuiteRunnerWorker.runSuite(SuiteRunnerWorker.java:52)
	at org.testng.SuiteRunnerWorker.run(SuiteRunnerWorker.java:86)
	at org.testng.TestNG.runSuitesSequentially(TestNG.java:1244)
	at org.testng.TestNG.runSuitesLocally(TestNG.java:1169)
	at org.testng.TestNG.run(TestNG.java:1064)
	at org.testng.remote.AbstractRemoteTestNG.run(AbstractRemoteTestNG.java:126)
	at org.testng.remote.RemoteTestNG.initAndRun(RemoteTestNG.java:137)
	at org.testng.remote.RemoteTestNG.main(RemoteTestNG.java:58)
Caused by: org.openqa.selenium.firefox.NotConnectedException: Unable to connect to host 127.0.0.1 on port 7055 after 45000 ms. Firefox console output:
file\extensions\webdriver-staging
1490744798588	addons.xpi	INFO	SystemAddonInstallLocation directory is missing
1490744798589	addons.xpi	INFO	Mapping {972ce4c6-7e08-4474-a285-3208198ce6fd} to C:\Program Files\Mozilla Firefox\browser\extensions\{972ce4c6-7e08-4474-a285-3208198ce6fd}
1490744798589	addons.xpi	DEBUG	Skipping unavailable install location app-system-share
1490744798589	addons.xpi	DEBUG	Skipping unavailable install location app-system-local
1490744798590	addons.xpi	DEBUG	checkForChanges
1490744798590	addons.xpi	DEBUG	Loaded add-on state from prefs: {"app-profile":{"fxdriver@googlecode.com":{"d":"C:\\Users\\Esteban\\AppData\\Local\\Temp\\anonymous5828815560524728258webdriver-profile\\extensions\\fxdriver@googlecode.com","e":false,"v":"2.39.0","st":1490744791364,"mt":1490744791008}},"app-global":{"{972ce4c6-7e08-4474-a285-3208198ce6fd}":{"d":"C:\\Program Files\\Mozilla Firefox\\browser\\extensions\\{972ce4c6-7e08-4474-a285-3208198ce6fd}","e":true,"v":"43.0.1","st":1474038978475,"mt":1450322130000}}}
1490744798591	addons.xpi	DEBUG	Existing add-on fxdriver@googlecode.com in app-profile
1490744798591	addons.xpi	DEBUG	getModTime: Recursive scan of {972ce4c6-7e08-4474-a285-3208198ce6fd}
1490744798592	addons.xpi	DEBUG	Existing add-on {972ce4c6-7e08-4474-a285-3208198ce6fd} in app-global
1490744798592	addons.xpi	DEBUG	getInstallState changed: false, state: {"app-profile":{"fxdriver@googlecode.com":{"d":"C:\\Users\\Esteban\\AppData\\Local\\Temp\\anonymous5828815560524728258webdriver-profile\\extensions\\fxdriver@googlecode.com","e":false,"v":"2.39.0","st":1490744791364,"mt":1490744791008}},"app-global":{"{972ce4c6-7e08-4474-a285-3208198ce6fd}":{"d":"C:\\Program Files\\Mozilla Firefox\\browser\\extensions\\{972ce4c6-7e08-4474-a285-3208198ce6fd}","e":true,"v":"43.0.1","st":1474038978475,"mt":1450322130000}}}
1490744798593	addons.xpi	DEBUG	No changes found
1490744798599	addons.manager	DEBUG	Registering shutdown blocker for XPIProvider
1490744798600	addons.manager	DEBUG	Provider finished startup: XPIProvider
1490744798600	addons.manager	DEBUG	Starting provider: LightweightThemeManager
1490744798600	addons.manager	DEBUG	Registering shutdown blocker for LightweightThemeManager
1490744798600	addons.manager	DEBUG	Provider finished startup: LightweightThemeManager
1490744798601	addons.manager	DEBUG	Starting provider: GMPProvider
1490744798605	addons.manager	DEBUG	Registering shutdown blocker for GMPProvider
1490744798605	addons.manager	DEBUG	Provider finished startup: GMPProvider
1490744798605	addons.manager	DEBUG	Starting provider: PluginProvider
1490744798605	addons.manager	DEBUG	Registering shutdown blocker for PluginProvider
1490744798605	addons.manager	DEBUG	Provider finished startup: PluginProvider
1490744798605	addons.manager	DEBUG	Completed startup sequence
1490744798681	addons.xpi-utils	DEBUG	Starting async load of XPI database C:\Users\Esteban\AppData\Local\Temp\anonymous5828815560524728258webdriver-profile\extensions.json
*** Blocklist::_loadBlocklistFromFile: blocklist is disabled
1490744798780	addons.manager	DEBUG	Starting provider: <unnamed-provider>
1490744798780	addons.manager	DEBUG	Registering shutdown blocker for <unnamed-provider>
1490744798780	addons.manager	DEBUG	Provider finished startup: <unnamed-provider>
1490744798856	addons.xpi-utils	DEBUG	Async JSON file read took 0 MS
1490744798856	addons.xpi-utils	DEBUG	Finished async read of XPI database, parsing...
1490744798857	addons.xpi-utils	DEBUG	Successfully read XPI database
1490744798905	addons.manager	DEBUG	Starting provider: PreviousExperimentProvider
1490744798905	addons.manager	DEBUG	Registering shutdown blocker for PreviousExperimentProvider
1490744798905	addons.manager	DEBUG	Provider finished startup: PreviousExperimentProvider
JavaScript warning: https://normandy-cloudfront.cdn.mozilla.net/static/bundles/selfrepair.e769dcc4d6f0dedd8f82.js, line 7: mutating the [[Prototype]] of an object will cause your code to run very slowly; instead create the object with the correct initial [[Prototype]] value using Object.create

	at org.openqa.selenium.firefox.internal.NewProfileExtensionConnection.start(NewProfileExtensionConnection.java:118)
	... 30 more
]]>
    </error>
  </testcase> <!-- testSortHighestPriceSearch -->
  <testcase name="testSearchByBasicFilter" time="0.001" classname="com.expedia.TripSearcherSuiteCase">
    <error type="org.openqa.selenium.WebDriverException" message="Failed to connect to binary FirefoxBinary(C:\Program Files\Mozilla Firefox\firefox.exe) on port 7055; process output follows: 
file\extensions\webdriver-staging
1490744798588	addons.xpi	INFO	SystemAddonInstallLocation directory is missing
1490744798589	addons.xpi	INFO	Mapping {972ce4c6-7e08-4474-a285-3208198ce6fd} to C:\Program Files\Mozilla Firefox\browser\extensions\{972ce4c6-7e08-4474-a285-3208198ce6fd}
1490744798589	addons.xpi	DEBUG	Skipping unavailable install location app-system-share
1490744798589	addons.xpi	DEBUG	Skipping unavailable install location app-system-local
1490744798590	addons.xpi	DEBUG	checkForChanges
1490744798590	addons.xpi	DEBUG	Loaded add-on state from prefs: {&quot;app-profile&quot;:{&quot;fxdriver@googlecode.com&quot;:{&quot;d&quot;:&quot;C:\\Users\\Esteban\\AppData\\Local\\Temp\\anonymous5828815560524728258webdriver-profile\\extensions\\fxdriver@googlecode.com&quot;,&quot;e&quot;:false,&quot;v&quot;:&quot;2.39.0&quot;,&quot;st&quot;:1490744791364,&quot;mt&quot;:1490744791008}},&quot;app-global&quot;:{&quot;{972ce4c6-7e08-4474-a285-3208198ce6fd}&quot;:{&quot;d&quot;:&quot;C:\\Program Files\\Mozilla Firefox\\browser\\extensions\\{972ce4c6-7e08-4474-a285-3208198ce6fd}&quot;,&quot;e&quot;:true,&quot;v&quot;:&quot;43.0.1&quot;,&quot;st&quot;:1474038978475,&quot;mt&quot;:1450322130000}}}
1490744798591	addons.xpi	DEBUG	Existing add-on fxdriver@googlecode.com in app-profile
1490744798591	addons.xpi	DEBUG	getModTime: Recursive scan of {972ce4c6-7e08-4474-a285-3208198ce6fd}
1490744798592	addons.xpi	DEBUG	Existing add-on {972ce4c6-7e08-4474-a285-3208198ce6fd} in app-global
1490744798592	addons.xpi	DEBUG	getInstallState changed: false, state: {&quot;app-profile&quot;:{&quot;fxdriver@googlecode.com&quot;:{&quot;d&quot;:&quot;C:\\Users\\Esteban\\AppData\\Local\\Temp\\anonymous5828815560524728258webdriver-profile\\extensions\\fxdriver@googlecode.com&quot;,&quot;e&quot;:false,&quot;v&quot;:&quot;2.39.0&quot;,&quot;st&quot;:1490744791364,&quot;mt&quot;:1490744791008}},&quot;app-global&quot;:{&quot;{972ce4c6-7e08-4474-a285-3208198ce6fd}&quot;:{&quot;d&quot;:&quot;C:\\Program Files\\Mozilla Firefox\\browser\\extensions\\{972ce4c6-7e08-4474-a285-3208198ce6fd}&quot;,&quot;e&quot;:true,&quot;v&quot;:&quot;43.0.1&quot;,&quot;st&quot;:1474038978475,&quot;mt&quot;:1450322130000}}}
1490744798593	addons.xpi	DEBUG	No changes found
1490744798599	addons.manager	DEBUG	Registering shutdown blocker for XPIProvider
1490744798600	addons.manager	DEBUG	Provider finished startup: XPIProvider
1490744798600	addons.manager	DEBUG	Starting provider: LightweightThemeManager
1490744798600	addons.manager	DEBUG	Registering shutdown blocker for LightweightThemeManager
1490744798600	addons.manager	DEBUG	Provider finished startup: LightweightThemeManager
1490744798601	addons.manager	DEBUG	Starting provider: GMPProvider
1490744798605	addons.manager	DEBUG	Registering shutdown blocker for GMPProvider
1490744798605	addons.manager	DEBUG	Provider finished startup: GMPProvider
1490744798605	addons.manager	DEBUG	Starting provider: PluginProvider
1490744798605	addons.manager	DEBUG	Registering shutdown blocker for PluginProvider
1490744798605	addons.manager	DEBUG	Provider finished startup: PluginProvider
1490744798605	addons.manager	DEBUG	Completed startup sequence
1490744798681	addons.xpi-utils	DEBUG	Starting async load of XPI database C:\Users\Esteban\AppData\Local\Temp\anonymous5828815560524728258webdriver-profile\extensions.json
*** Blocklist::_loadBlocklistFromFile: blocklist is disabled
1490744798780	addons.manager	DEBUG	Starting provider: &lt;unnamed-provider&gt;
1490744798780	addons.manager	DEBUG	Registering shutdown blocker for &lt;unnamed-provider&gt;
1490744798780	addons.manager	DEBUG	Provider finished startup: &lt;unnamed-provider&gt;
1490744798856	addons.xpi-utils	DEBUG	Async JSON file read took 0 MS
1490744798856	addons.xpi-utils	DEBUG	Finished async read of XPI database, parsing...
1490744798857	addons.xpi-utils	DEBUG	Successfully read XPI database
1490744798905	addons.manager	DEBUG	Starting provider: PreviousExperimentProvider
1490744798905	addons.manager	DEBUG	Registering shutdown blocker for PreviousExperimentProvider
1490744798905	addons.manager	DEBUG	Provider finished startup: PreviousExperimentProvider
JavaScript warning: https://normandy-cloudfront.cdn.mozilla.net/static/bundles/selfrepair.e769dcc4d6f0dedd8f82.js, line 7: mutating the [[Prototype]] of an object will cause your code to run very slowly; instead create the object with the correct initial [[Prototype]] value using Object.create

Build info: version: &#039;2.39.0&#039;, revision: &#039;14fa800511cc5d66d426e08b0b2ab926c7ed7398&#039;, time: &#039;2013-12-16 13:18:38&#039;
System info: host: &#039;Esteban-PC&#039;, ip: &#039;192.168.1.2&#039;, os.name: &#039;Windows 7&#039;, os.arch: &#039;amd64&#039;, os.version: &#039;6.1&#039;, java.version: &#039;1.8.0_91&#039;
Driver info: driver.version: FirefoxDriver">
      <![CDATA[org.openqa.selenium.WebDriverException: Failed to connect to binary FirefoxBinary(C:\Program Files\Mozilla Firefox\firefox.exe) on port 7055; process output follows: 
file\extensions\webdriver-staging
1490744798588	addons.xpi	INFO	SystemAddonInstallLocation directory is missing
1490744798589	addons.xpi	INFO	Mapping {972ce4c6-7e08-4474-a285-3208198ce6fd} to C:\Program Files\Mozilla Firefox\browser\extensions\{972ce4c6-7e08-4474-a285-3208198ce6fd}
1490744798589	addons.xpi	DEBUG	Skipping unavailable install location app-system-share
1490744798589	addons.xpi	DEBUG	Skipping unavailable install location app-system-local
1490744798590	addons.xpi	DEBUG	checkForChanges
1490744798590	addons.xpi	DEBUG	Loaded add-on state from prefs: {"app-profile":{"fxdriver@googlecode.com":{"d":"C:\\Users\\Esteban\\AppData\\Local\\Temp\\anonymous5828815560524728258webdriver-profile\\extensions\\fxdriver@googlecode.com","e":false,"v":"2.39.0","st":1490744791364,"mt":1490744791008}},"app-global":{"{972ce4c6-7e08-4474-a285-3208198ce6fd}":{"d":"C:\\Program Files\\Mozilla Firefox\\browser\\extensions\\{972ce4c6-7e08-4474-a285-3208198ce6fd}","e":true,"v":"43.0.1","st":1474038978475,"mt":1450322130000}}}
1490744798591	addons.xpi	DEBUG	Existing add-on fxdriver@googlecode.com in app-profile
1490744798591	addons.xpi	DEBUG	getModTime: Recursive scan of {972ce4c6-7e08-4474-a285-3208198ce6fd}
1490744798592	addons.xpi	DEBUG	Existing add-on {972ce4c6-7e08-4474-a285-3208198ce6fd} in app-global
1490744798592	addons.xpi	DEBUG	getInstallState changed: false, state: {"app-profile":{"fxdriver@googlecode.com":{"d":"C:\\Users\\Esteban\\AppData\\Local\\Temp\\anonymous5828815560524728258webdriver-profile\\extensions\\fxdriver@googlecode.com","e":false,"v":"2.39.0","st":1490744791364,"mt":1490744791008}},"app-global":{"{972ce4c6-7e08-4474-a285-3208198ce6fd}":{"d":"C:\\Program Files\\Mozilla Firefox\\browser\\extensions\\{972ce4c6-7e08-4474-a285-3208198ce6fd}","e":true,"v":"43.0.1","st":1474038978475,"mt":1450322130000}}}
1490744798593	addons.xpi	DEBUG	No changes found
1490744798599	addons.manager	DEBUG	Registering shutdown blocker for XPIProvider
1490744798600	addons.manager	DEBUG	Provider finished startup: XPIProvider
1490744798600	addons.manager	DEBUG	Starting provider: LightweightThemeManager
1490744798600	addons.manager	DEBUG	Registering shutdown blocker for LightweightThemeManager
1490744798600	addons.manager	DEBUG	Provider finished startup: LightweightThemeManager
1490744798601	addons.manager	DEBUG	Starting provider: GMPProvider
1490744798605	addons.manager	DEBUG	Registering shutdown blocker for GMPProvider
1490744798605	addons.manager	DEBUG	Provider finished startup: GMPProvider
1490744798605	addons.manager	DEBUG	Starting provider: PluginProvider
1490744798605	addons.manager	DEBUG	Registering shutdown blocker for PluginProvider
1490744798605	addons.manager	DEBUG	Provider finished startup: PluginProvider
1490744798605	addons.manager	DEBUG	Completed startup sequence
1490744798681	addons.xpi-utils	DEBUG	Starting async load of XPI database C:\Users\Esteban\AppData\Local\Temp\anonymous5828815560524728258webdriver-profile\extensions.json
*** Blocklist::_loadBlocklistFromFile: blocklist is disabled
1490744798780	addons.manager	DEBUG	Starting provider: <unnamed-provider>
1490744798780	addons.manager	DEBUG	Registering shutdown blocker for <unnamed-provider>
1490744798780	addons.manager	DEBUG	Provider finished startup: <unnamed-provider>
1490744798856	addons.xpi-utils	DEBUG	Async JSON file read took 0 MS
1490744798856	addons.xpi-utils	DEBUG	Finished async read of XPI database, parsing...
1490744798857	addons.xpi-utils	DEBUG	Successfully read XPI database
1490744798905	addons.manager	DEBUG	Starting provider: PreviousExperimentProvider
1490744798905	addons.manager	DEBUG	Registering shutdown blocker for PreviousExperimentProvider
1490744798905	addons.manager	DEBUG	Provider finished startup: PreviousExperimentProvider
JavaScript warning: https://normandy-cloudfront.cdn.mozilla.net/static/bundles/selfrepair.e769dcc4d6f0dedd8f82.js, line 7: mutating the [[Prototype]] of an object will cause your code to run very slowly; instead create the object with the correct initial [[Prototype]] value using Object.create

Build info: version: '2.39.0', revision: '14fa800511cc5d66d426e08b0b2ab926c7ed7398', time: '2013-12-16 13:18:38'
System info: host: 'Esteban-PC', ip: '192.168.1.2', os.name: 'Windows 7', os.arch: 'amd64', os.version: '6.1', java.version: '1.8.0_91'
Driver info: driver.version: FirefoxDriver
	at org.openqa.selenium.firefox.internal.NewProfileExtensionConnection.start(NewProfileExtensionConnection.java:130)
	at org.openqa.selenium.firefox.FirefoxDriver.startClient(FirefoxDriver.java:250)
	at org.openqa.selenium.remote.RemoteWebDriver.<init>(RemoteWebDriver.java:110)
	at org.openqa.selenium.firefox.FirefoxDriver.<init>(FirefoxDriver.java:195)
	at org.openqa.selenium.firefox.FirefoxDriver.<init>(FirefoxDriver.java:190)
	at org.openqa.selenium.firefox.FirefoxDriver.<init>(FirefoxDriver.java:186)
	at org.openqa.selenium.firefox.FirefoxDriver.<init>(FirefoxDriver.java:99)
	at config.Config.SetUp(Config.java:25)
	at com.expedia.BasicTest.setUp(BasicTest.java:34)
	at sun.reflect.NativeMethodAccessorImpl.invoke0(Native Method)
	at sun.reflect.NativeMethodAccessorImpl.invoke(NativeMethodAccessorImpl.java:62)
	at sun.reflect.DelegatingMethodAccessorImpl.invoke(DelegatingMethodAccessorImpl.java:43)
	at java.lang.reflect.Method.invoke(Method.java:498)
	at org.testng.internal.MethodInvocationHelper.invokeMethod(MethodInvocationHelper.java:86)
	at org.testng.internal.Invoker.invokeConfigurationMethod(Invoker.java:514)
	at org.testng.internal.Invoker.invokeConfigurations(Invoker.java:215)
	at org.testng.internal.Invoker.invokeConfigurations(Invoker.java:142)
	at org.testng.TestRunner.beforeRun(TestRunner.java:656)
	at org.testng.TestRunner.run(TestRunner.java:624)
	at org.testng.SuiteRunner.runTest(SuiteRunner.java:366)
	at org.testng.SuiteRunner.runSequentially(SuiteRunner.java:361)
	at org.testng.SuiteRunner.privateRun(SuiteRunner.java:319)
	at org.testng.SuiteRunner.run(SuiteRunner.java:268)
	at org.testng.SuiteRunnerWorker.runSuite(SuiteRunnerWorker.java:52)
	at org.testng.SuiteRunnerWorker.run(SuiteRunnerWorker.java:86)
	at org.testng.TestNG.runSuitesSequentially(TestNG.java:1244)
	at org.testng.TestNG.runSuitesLocally(TestNG.java:1169)
	at org.testng.TestNG.run(TestNG.java:1064)
	at org.testng.remote.AbstractRemoteTestNG.run(AbstractRemoteTestNG.java:126)
	at org.testng.remote.RemoteTestNG.initAndRun(RemoteTestNG.java:137)
	at org.testng.remote.RemoteTestNG.main(RemoteTestNG.java:58)
Caused by: org.openqa.selenium.firefox.NotConnectedException: Unable to connect to host 127.0.0.1 on port 7055 after 45000 ms. Firefox console output:
file\extensions\webdriver-staging
1490744798588	addons.xpi	INFO	SystemAddonInstallLocation directory is missing
1490744798589	addons.xpi	INFO	Mapping {972ce4c6-7e08-4474-a285-3208198ce6fd} to C:\Program Files\Mozilla Firefox\browser\extensions\{972ce4c6-7e08-4474-a285-3208198ce6fd}
1490744798589	addons.xpi	DEBUG	Skipping unavailable install location app-system-share
1490744798589	addons.xpi	DEBUG	Skipping unavailable install location app-system-local
1490744798590	addons.xpi	DEBUG	checkForChanges
1490744798590	addons.xpi	DEBUG	Loaded add-on state from prefs: {"app-profile":{"fxdriver@googlecode.com":{"d":"C:\\Users\\Esteban\\AppData\\Local\\Temp\\anonymous5828815560524728258webdriver-profile\\extensions\\fxdriver@googlecode.com","e":false,"v":"2.39.0","st":1490744791364,"mt":1490744791008}},"app-global":{"{972ce4c6-7e08-4474-a285-3208198ce6fd}":{"d":"C:\\Program Files\\Mozilla Firefox\\browser\\extensions\\{972ce4c6-7e08-4474-a285-3208198ce6fd}","e":true,"v":"43.0.1","st":1474038978475,"mt":1450322130000}}}
1490744798591	addons.xpi	DEBUG	Existing add-on fxdriver@googlecode.com in app-profile
1490744798591	addons.xpi	DEBUG	getModTime: Recursive scan of {972ce4c6-7e08-4474-a285-3208198ce6fd}
1490744798592	addons.xpi	DEBUG	Existing add-on {972ce4c6-7e08-4474-a285-3208198ce6fd} in app-global
1490744798592	addons.xpi	DEBUG	getInstallState changed: false, state: {"app-profile":{"fxdriver@googlecode.com":{"d":"C:\\Users\\Esteban\\AppData\\Local\\Temp\\anonymous5828815560524728258webdriver-profile\\extensions\\fxdriver@googlecode.com","e":false,"v":"2.39.0","st":1490744791364,"mt":1490744791008}},"app-global":{"{972ce4c6-7e08-4474-a285-3208198ce6fd}":{"d":"C:\\Program Files\\Mozilla Firefox\\browser\\extensions\\{972ce4c6-7e08-4474-a285-3208198ce6fd}","e":true,"v":"43.0.1","st":1474038978475,"mt":1450322130000}}}
1490744798593	addons.xpi	DEBUG	No changes found
1490744798599	addons.manager	DEBUG	Registering shutdown blocker for XPIProvider
1490744798600	addons.manager	DEBUG	Provider finished startup: XPIProvider
1490744798600	addons.manager	DEBUG	Starting provider: LightweightThemeManager
1490744798600	addons.manager	DEBUG	Registering shutdown blocker for LightweightThemeManager
1490744798600	addons.manager	DEBUG	Provider finished startup: LightweightThemeManager
1490744798601	addons.manager	DEBUG	Starting provider: GMPProvider
1490744798605	addons.manager	DEBUG	Registering shutdown blocker for GMPProvider
1490744798605	addons.manager	DEBUG	Provider finished startup: GMPProvider
1490744798605	addons.manager	DEBUG	Starting provider: PluginProvider
1490744798605	addons.manager	DEBUG	Registering shutdown blocker for PluginProvider
1490744798605	addons.manager	DEBUG	Provider finished startup: PluginProvider
1490744798605	addons.manager	DEBUG	Completed startup sequence
1490744798681	addons.xpi-utils	DEBUG	Starting async load of XPI database C:\Users\Esteban\AppData\Local\Temp\anonymous5828815560524728258webdriver-profile\extensions.json
*** Blocklist::_loadBlocklistFromFile: blocklist is disabled
1490744798780	addons.manager	DEBUG	Starting provider: <unnamed-provider>
1490744798780	addons.manager	DEBUG	Registering shutdown blocker for <unnamed-provider>
1490744798780	addons.manager	DEBUG	Provider finished startup: <unnamed-provider>
1490744798856	addons.xpi-utils	DEBUG	Async JSON file read took 0 MS
1490744798856	addons.xpi-utils	DEBUG	Finished async read of XPI database, parsing...
1490744798857	addons.xpi-utils	DEBUG	Successfully read XPI database
1490744798905	addons.manager	DEBUG	Starting provider: PreviousExperimentProvider
1490744798905	addons.manager	DEBUG	Registering shutdown blocker for PreviousExperimentProvider
1490744798905	addons.manager	DEBUG	Provider finished startup: PreviousExperimentProvider
JavaScript warning: https://normandy-cloudfront.cdn.mozilla.net/static/bundles/selfrepair.e769dcc4d6f0dedd8f82.js, line 7: mutating the [[Prototype]] of an object will cause your code to run very slowly; instead create the object with the correct initial [[Prototype]] value using Object.create

	at org.openqa.selenium.firefox.internal.NewProfileExtensionConnection.start(NewProfileExtensionConnection.java:118)
	... 30 more
]]>
    </error>
  </testcase> <!-- testSearchByBasicFilter -->
  <testcase name="testSortLowestPriceSearch" time="0.000" classname="com.expedia.TripSearcherSuiteCase">
    <error type="org.openqa.selenium.WebDriverException" message="Failed to connect to binary FirefoxBinary(C:\Program Files\Mozilla Firefox\firefox.exe) on port 7055; process output follows: 
file\extensions\webdriver-staging
1490744798588	addons.xpi	INFO	SystemAddonInstallLocation directory is missing
1490744798589	addons.xpi	INFO	Mapping {972ce4c6-7e08-4474-a285-3208198ce6fd} to C:\Program Files\Mozilla Firefox\browser\extensions\{972ce4c6-7e08-4474-a285-3208198ce6fd}
1490744798589	addons.xpi	DEBUG	Skipping unavailable install location app-system-share
1490744798589	addons.xpi	DEBUG	Skipping unavailable install location app-system-local
1490744798590	addons.xpi	DEBUG	checkForChanges
1490744798590	addons.xpi	DEBUG	Loaded add-on state from prefs: {&quot;app-profile&quot;:{&quot;fxdriver@googlecode.com&quot;:{&quot;d&quot;:&quot;C:\\Users\\Esteban\\AppData\\Local\\Temp\\anonymous5828815560524728258webdriver-profile\\extensions\\fxdriver@googlecode.com&quot;,&quot;e&quot;:false,&quot;v&quot;:&quot;2.39.0&quot;,&quot;st&quot;:1490744791364,&quot;mt&quot;:1490744791008}},&quot;app-global&quot;:{&quot;{972ce4c6-7e08-4474-a285-3208198ce6fd}&quot;:{&quot;d&quot;:&quot;C:\\Program Files\\Mozilla Firefox\\browser\\extensions\\{972ce4c6-7e08-4474-a285-3208198ce6fd}&quot;,&quot;e&quot;:true,&quot;v&quot;:&quot;43.0.1&quot;,&quot;st&quot;:1474038978475,&quot;mt&quot;:1450322130000}}}
1490744798591	addons.xpi	DEBUG	Existing add-on fxdriver@googlecode.com in app-profile
1490744798591	addons.xpi	DEBUG	getModTime: Recursive scan of {972ce4c6-7e08-4474-a285-3208198ce6fd}
1490744798592	addons.xpi	DEBUG	Existing add-on {972ce4c6-7e08-4474-a285-3208198ce6fd} in app-global
1490744798592	addons.xpi	DEBUG	getInstallState changed: false, state: {&quot;app-profile&quot;:{&quot;fxdriver@googlecode.com&quot;:{&quot;d&quot;:&quot;C:\\Users\\Esteban\\AppData\\Local\\Temp\\anonymous5828815560524728258webdriver-profile\\extensions\\fxdriver@googlecode.com&quot;,&quot;e&quot;:false,&quot;v&quot;:&quot;2.39.0&quot;,&quot;st&quot;:1490744791364,&quot;mt&quot;:1490744791008}},&quot;app-global&quot;:{&quot;{972ce4c6-7e08-4474-a285-3208198ce6fd}&quot;:{&quot;d&quot;:&quot;C:\\Program Files\\Mozilla Firefox\\browser\\extensions\\{972ce4c6-7e08-4474-a285-3208198ce6fd}&quot;,&quot;e&quot;:true,&quot;v&quot;:&quot;43.0.1&quot;,&quot;st&quot;:1474038978475,&quot;mt&quot;:1450322130000}}}
1490744798593	addons.xpi	DEBUG	No changes found
1490744798599	addons.manager	DEBUG	Registering shutdown blocker for XPIProvider
1490744798600	addons.manager	DEBUG	Provider finished startup: XPIProvider
1490744798600	addons.manager	DEBUG	Starting provider: LightweightThemeManager
1490744798600	addons.manager	DEBUG	Registering shutdown blocker for LightweightThemeManager
1490744798600	addons.manager	DEBUG	Provider finished startup: LightweightThemeManager
1490744798601	addons.manager	DEBUG	Starting provider: GMPProvider
1490744798605	addons.manager	DEBUG	Registering shutdown blocker for GMPProvider
1490744798605	addons.manager	DEBUG	Provider finished startup: GMPProvider
1490744798605	addons.manager	DEBUG	Starting provider: PluginProvider
1490744798605	addons.manager	DEBUG	Registering shutdown blocker for PluginProvider
1490744798605	addons.manager	DEBUG	Provider finished startup: PluginProvider
1490744798605	addons.manager	DEBUG	Completed startup sequence
1490744798681	addons.xpi-utils	DEBUG	Starting async load of XPI database C:\Users\Esteban\AppData\Local\Temp\anonymous5828815560524728258webdriver-profile\extensions.json
*** Blocklist::_loadBlocklistFromFile: blocklist is disabled
1490744798780	addons.manager	DEBUG	Starting provider: &lt;unnamed-provider&gt;
1490744798780	addons.manager	DEBUG	Registering shutdown blocker for &lt;unnamed-provider&gt;
1490744798780	addons.manager	DEBUG	Provider finished startup: &lt;unnamed-provider&gt;
1490744798856	addons.xpi-utils	DEBUG	Async JSON file read took 0 MS
1490744798856	addons.xpi-utils	DEBUG	Finished async read of XPI database, parsing...
1490744798857	addons.xpi-utils	DEBUG	Successfully read XPI database
1490744798905	addons.manager	DEBUG	Starting provider: PreviousExperimentProvider
1490744798905	addons.manager	DEBUG	Registering shutdown blocker for PreviousExperimentProvider
1490744798905	addons.manager	DEBUG	Provider finished startup: PreviousExperimentProvider
JavaScript warning: https://normandy-cloudfront.cdn.mozilla.net/static/bundles/selfrepair.e769dcc4d6f0dedd8f82.js, line 7: mutating the [[Prototype]] of an object will cause your code to run very slowly; instead create the object with the correct initial [[Prototype]] value using Object.create

Build info: version: &#039;2.39.0&#039;, revision: &#039;14fa800511cc5d66d426e08b0b2ab926c7ed7398&#039;, time: &#039;2013-12-16 13:18:38&#039;
System info: host: &#039;Esteban-PC&#039;, ip: &#039;192.168.1.2&#039;, os.name: &#039;Windows 7&#039;, os.arch: &#039;amd64&#039;, os.version: &#039;6.1&#039;, java.version: &#039;1.8.0_91&#039;
Driver info: driver.version: FirefoxDriver">
      <![CDATA[org.openqa.selenium.WebDriverException: Failed to connect to binary FirefoxBinary(C:\Program Files\Mozilla Firefox\firefox.exe) on port 7055; process output follows: 
file\extensions\webdriver-staging
1490744798588	addons.xpi	INFO	SystemAddonInstallLocation directory is missing
1490744798589	addons.xpi	INFO	Mapping {972ce4c6-7e08-4474-a285-3208198ce6fd} to C:\Program Files\Mozilla Firefox\browser\extensions\{972ce4c6-7e08-4474-a285-3208198ce6fd}
1490744798589	addons.xpi	DEBUG	Skipping unavailable install location app-system-share
1490744798589	addons.xpi	DEBUG	Skipping unavailable install location app-system-local
1490744798590	addons.xpi	DEBUG	checkForChanges
1490744798590	addons.xpi	DEBUG	Loaded add-on state from prefs: {"app-profile":{"fxdriver@googlecode.com":{"d":"C:\\Users\\Esteban\\AppData\\Local\\Temp\\anonymous5828815560524728258webdriver-profile\\extensions\\fxdriver@googlecode.com","e":false,"v":"2.39.0","st":1490744791364,"mt":1490744791008}},"app-global":{"{972ce4c6-7e08-4474-a285-3208198ce6fd}":{"d":"C:\\Program Files\\Mozilla Firefox\\browser\\extensions\\{972ce4c6-7e08-4474-a285-3208198ce6fd}","e":true,"v":"43.0.1","st":1474038978475,"mt":1450322130000}}}
1490744798591	addons.xpi	DEBUG	Existing add-on fxdriver@googlecode.com in app-profile
1490744798591	addons.xpi	DEBUG	getModTime: Recursive scan of {972ce4c6-7e08-4474-a285-3208198ce6fd}
1490744798592	addons.xpi	DEBUG	Existing add-on {972ce4c6-7e08-4474-a285-3208198ce6fd} in app-global
1490744798592	addons.xpi	DEBUG	getInstallState changed: false, state: {"app-profile":{"fxdriver@googlecode.com":{"d":"C:\\Users\\Esteban\\AppData\\Local\\Temp\\anonymous5828815560524728258webdriver-profile\\extensions\\fxdriver@googlecode.com","e":false,"v":"2.39.0","st":1490744791364,"mt":1490744791008}},"app-global":{"{972ce4c6-7e08-4474-a285-3208198ce6fd}":{"d":"C:\\Program Files\\Mozilla Firefox\\browser\\extensions\\{972ce4c6-7e08-4474-a285-3208198ce6fd}","e":true,"v":"43.0.1","st":1474038978475,"mt":1450322130000}}}
1490744798593	addons.xpi	DEBUG	No changes found
1490744798599	addons.manager	DEBUG	Registering shutdown blocker for XPIProvider
1490744798600	addons.manager	DEBUG	Provider finished startup: XPIProvider
1490744798600	addons.manager	DEBUG	Starting provider: LightweightThemeManager
1490744798600	addons.manager	DEBUG	Registering shutdown blocker for LightweightThemeManager
1490744798600	addons.manager	DEBUG	Provider finished startup: LightweightThemeManager
1490744798601	addons.manager	DEBUG	Starting provider: GMPProvider
1490744798605	addons.manager	DEBUG	Registering shutdown blocker for GMPProvider
1490744798605	addons.manager	DEBUG	Provider finished startup: GMPProvider
1490744798605	addons.manager	DEBUG	Starting provider: PluginProvider
1490744798605	addons.manager	DEBUG	Registering shutdown blocker for PluginProvider
1490744798605	addons.manager	DEBUG	Provider finished startup: PluginProvider
1490744798605	addons.manager	DEBUG	Completed startup sequence
1490744798681	addons.xpi-utils	DEBUG	Starting async load of XPI database C:\Users\Esteban\AppData\Local\Temp\anonymous5828815560524728258webdriver-profile\extensions.json
*** Blocklist::_loadBlocklistFromFile: blocklist is disabled
1490744798780	addons.manager	DEBUG	Starting provider: <unnamed-provider>
1490744798780	addons.manager	DEBUG	Registering shutdown blocker for <unnamed-provider>
1490744798780	addons.manager	DEBUG	Provider finished startup: <unnamed-provider>
1490744798856	addons.xpi-utils	DEBUG	Async JSON file read took 0 MS
1490744798856	addons.xpi-utils	DEBUG	Finished async read of XPI database, parsing...
1490744798857	addons.xpi-utils	DEBUG	Successfully read XPI database
1490744798905	addons.manager	DEBUG	Starting provider: PreviousExperimentProvider
1490744798905	addons.manager	DEBUG	Registering shutdown blocker for PreviousExperimentProvider
1490744798905	addons.manager	DEBUG	Provider finished startup: PreviousExperimentProvider
JavaScript warning: https://normandy-cloudfront.cdn.mozilla.net/static/bundles/selfrepair.e769dcc4d6f0dedd8f82.js, line 7: mutating the [[Prototype]] of an object will cause your code to run very slowly; instead create the object with the correct initial [[Prototype]] value using Object.create

Build info: version: '2.39.0', revision: '14fa800511cc5d66d426e08b0b2ab926c7ed7398', time: '2013-12-16 13:18:38'
System info: host: 'Esteban-PC', ip: '192.168.1.2', os.name: 'Windows 7', os.arch: 'amd64', os.version: '6.1', java.version: '1.8.0_91'
Driver info: driver.version: FirefoxDriver
	at org.openqa.selenium.firefox.internal.NewProfileExtensionConnection.start(NewProfileExtensionConnection.java:130)
	at org.openqa.selenium.firefox.FirefoxDriver.startClient(FirefoxDriver.java:250)
	at org.openqa.selenium.remote.RemoteWebDriver.<init>(RemoteWebDriver.java:110)
	at org.openqa.selenium.firefox.FirefoxDriver.<init>(FirefoxDriver.java:195)
	at org.openqa.selenium.firefox.FirefoxDriver.<init>(FirefoxDriver.java:190)
	at org.openqa.selenium.firefox.FirefoxDriver.<init>(FirefoxDriver.java:186)
	at org.openqa.selenium.firefox.FirefoxDriver.<init>(FirefoxDriver.java:99)
	at config.Config.SetUp(Config.java:25)
	at com.expedia.BasicTest.setUp(BasicTest.java:34)
	at sun.reflect.NativeMethodAccessorImpl.invoke0(Native Method)
	at sun.reflect.NativeMethodAccessorImpl.invoke(NativeMethodAccessorImpl.java:62)
	at sun.reflect.DelegatingMethodAccessorImpl.invoke(DelegatingMethodAccessorImpl.java:43)
	at java.lang.reflect.Method.invoke(Method.java:498)
	at org.testng.internal.MethodInvocationHelper.invokeMethod(MethodInvocationHelper.java:86)
	at org.testng.internal.Invoker.invokeConfigurationMethod(Invoker.java:514)
	at org.testng.internal.Invoker.invokeConfigurations(Invoker.java:215)
	at org.testng.internal.Invoker.invokeConfigurations(Invoker.java:142)
	at org.testng.TestRunner.beforeRun(TestRunner.java:656)
	at org.testng.TestRunner.run(TestRunner.java:624)
	at org.testng.SuiteRunner.runTest(SuiteRunner.java:366)
	at org.testng.SuiteRunner.runSequentially(SuiteRunner.java:361)
	at org.testng.SuiteRunner.privateRun(SuiteRunner.java:319)
	at org.testng.SuiteRunner.run(SuiteRunner.java:268)
	at org.testng.SuiteRunnerWorker.runSuite(SuiteRunnerWorker.java:52)
	at org.testng.SuiteRunnerWorker.run(SuiteRunnerWorker.java:86)
	at org.testng.TestNG.runSuitesSequentially(TestNG.java:1244)
	at org.testng.TestNG.runSuitesLocally(TestNG.java:1169)
	at org.testng.TestNG.run(TestNG.java:1064)
	at org.testng.remote.AbstractRemoteTestNG.run(AbstractRemoteTestNG.java:126)
	at org.testng.remote.RemoteTestNG.initAndRun(RemoteTestNG.java:137)
	at org.testng.remote.RemoteTestNG.main(RemoteTestNG.java:58)
Caused by: org.openqa.selenium.firefox.NotConnectedException: Unable to connect to host 127.0.0.1 on port 7055 after 45000 ms. Firefox console output:
file\extensions\webdriver-staging
1490744798588	addons.xpi	INFO	SystemAddonInstallLocation directory is missing
1490744798589	addons.xpi	INFO	Mapping {972ce4c6-7e08-4474-a285-3208198ce6fd} to C:\Program Files\Mozilla Firefox\browser\extensions\{972ce4c6-7e08-4474-a285-3208198ce6fd}
1490744798589	addons.xpi	DEBUG	Skipping unavailable install location app-system-share
1490744798589	addons.xpi	DEBUG	Skipping unavailable install location app-system-local
1490744798590	addons.xpi	DEBUG	checkForChanges
1490744798590	addons.xpi	DEBUG	Loaded add-on state from prefs: {"app-profile":{"fxdriver@googlecode.com":{"d":"C:\\Users\\Esteban\\AppData\\Local\\Temp\\anonymous5828815560524728258webdriver-profile\\extensions\\fxdriver@googlecode.com","e":false,"v":"2.39.0","st":1490744791364,"mt":1490744791008}},"app-global":{"{972ce4c6-7e08-4474-a285-3208198ce6fd}":{"d":"C:\\Program Files\\Mozilla Firefox\\browser\\extensions\\{972ce4c6-7e08-4474-a285-3208198ce6fd}","e":true,"v":"43.0.1","st":1474038978475,"mt":1450322130000}}}
1490744798591	addons.xpi	DEBUG	Existing add-on fxdriver@googlecode.com in app-profile
1490744798591	addons.xpi	DEBUG	getModTime: Recursive scan of {972ce4c6-7e08-4474-a285-3208198ce6fd}
1490744798592	addons.xpi	DEBUG	Existing add-on {972ce4c6-7e08-4474-a285-3208198ce6fd} in app-global
1490744798592	addons.xpi	DEBUG	getInstallState changed: false, state: {"app-profile":{"fxdriver@googlecode.com":{"d":"C:\\Users\\Esteban\\AppData\\Local\\Temp\\anonymous5828815560524728258webdriver-profile\\extensions\\fxdriver@googlecode.com","e":false,"v":"2.39.0","st":1490744791364,"mt":1490744791008}},"app-global":{"{972ce4c6-7e08-4474-a285-3208198ce6fd}":{"d":"C:\\Program Files\\Mozilla Firefox\\browser\\extensions\\{972ce4c6-7e08-4474-a285-3208198ce6fd}","e":true,"v":"43.0.1","st":1474038978475,"mt":1450322130000}}}
1490744798593	addons.xpi	DEBUG	No changes found
1490744798599	addons.manager	DEBUG	Registering shutdown blocker for XPIProvider
1490744798600	addons.manager	DEBUG	Provider finished startup: XPIProvider
1490744798600	addons.manager	DEBUG	Starting provider: LightweightThemeManager
1490744798600	addons.manager	DEBUG	Registering shutdown blocker for LightweightThemeManager
1490744798600	addons.manager	DEBUG	Provider finished startup: LightweightThemeManager
1490744798601	addons.manager	DEBUG	Starting provider: GMPProvider
1490744798605	addons.manager	DEBUG	Registering shutdown blocker for GMPProvider
1490744798605	addons.manager	DEBUG	Provider finished startup: GMPProvider
1490744798605	addons.manager	DEBUG	Starting provider: PluginProvider
1490744798605	addons.manager	DEBUG	Registering shutdown blocker for PluginProvider
1490744798605	addons.manager	DEBUG	Provider finished startup: PluginProvider
1490744798605	addons.manager	DEBUG	Completed startup sequence
1490744798681	addons.xpi-utils	DEBUG	Starting async load of XPI database C:\Users\Esteban\AppData\Local\Temp\anonymous5828815560524728258webdriver-profile\extensions.json
*** Blocklist::_loadBlocklistFromFile: blocklist is disabled
1490744798780	addons.manager	DEBUG	Starting provider: <unnamed-provider>
1490744798780	addons.manager	DEBUG	Registering shutdown blocker for <unnamed-provider>
1490744798780	addons.manager	DEBUG	Provider finished startup: <unnamed-provider>
1490744798856	addons.xpi-utils	DEBUG	Async JSON file read took 0 MS
1490744798856	addons.xpi-utils	DEBUG	Finished async read of XPI database, parsing...
1490744798857	addons.xpi-utils	DEBUG	Successfully read XPI database
1490744798905	addons.manager	DEBUG	Starting provider: PreviousExperimentProvider
1490744798905	addons.manager	DEBUG	Registering shutdown blocker for PreviousExperimentProvider
1490744798905	addons.manager	DEBUG	Provider finished startup: PreviousExperimentProvider
JavaScript warning: https://normandy-cloudfront.cdn.mozilla.net/static/bundles/selfrepair.e769dcc4d6f0dedd8f82.js, line 7: mutating the [[Prototype]] of an object will cause your code to run very slowly; instead create the object with the correct initial [[Prototype]] value using Object.create

	at org.openqa.selenium.firefox.internal.NewProfileExtensionConnection.start(NewProfileExtensionConnection.java:118)
	... 30 more
]]>
    </error>
  </testcase> <!-- testSortLowestPriceSearch -->
</testsuite> <!-- com.expedia.TripSearcherSuiteCase -->
